Build started 26/01/2013 10:35:10.
     1>Project "C:\Users\Matthew\Desktop\Active Projects\3dApp\3dApp\3dApp.vcxproj" on node 2 (build target(s)).
     1>InitializeBuildStatus:
         Creating "x64\Debug\3dApp.unsuccessfulbuild" because "AlwaysCreate" was specified.
       ClCompile:
         All outputs are up-to-date.
       ManifestResourceCompile:
         All outputs are up-to-date.
       Link:
         All outputs are up-to-date.
         3dApp.vcxproj -> C:\Users\Matthew\Desktop\Active Projects\3dApp\x64\Debug\3dApp.exe
       Manifest:
         All outputs are up-to-date.
         All outputs are up-to-date.
       FinalizeBuildStatus:
         Deleting file "x64\Debug\3dApp.unsuccessfulbuild".
         Touching "x64\Debug\3dApp.lastbuildstate".
     1>Done Building Project "C:\Users\Matthew\Desktop\Active Projects\3dApp\3dApp\3dApp.vcxproj" (build target(s)).

Build succeeded.

Time Elapsed 00:00:00.04
