Build started 21/02/2013 20:40:15.
     1>Project "C:\Users\Matthew\Desktop\Active Projects\3dApp\3dApp\3dApp.vcxproj" on node 2 (build target(s)).
     1>InitializeBuildStatus:
         Creating "Release\3dApp.unsuccessfulbuild" because "AlwaysCreate" was specified.
       ClCompile:
         C:\Program Files (x86)\Microsoft Visual Studio 10.0\VC\bin\CL.exe /c /Zi /nologo /W3 /WX- /O2 /Oi /Oy- /GL /D WIN32 /D NDEBUG /D _CONSOLE /D _UNICODE /D UNICODE /Gm- /EHsc /MD /GS /Gy /fp:precise /Zc:wchar_t /Zc:forScope /Fo"Release\\" /Fd"Release\vc100.pdb" /Gd /TP /analyze- /errorReport:prompt CCamera.cpp CColourShader.cpp CD3DBase.cpp C3DApp.cpp CD3DEffect.cpp CD3DModel.cpp CD3DModelManager.cpp CD3DShader.cpp CD3DShaderManager.cpp CFPCamera.cpp CGeometryGenerator.cpp CGraphics.cpp CLogic.cpp CModelBase.cpp CModelCube.cpp CModelTriangle.cpp CTexture.cpp CTimer.cpp main.cpp WICTextureLoader.cpp
         CCamera.cpp
     1>c:\users\matthew\desktop\active projects\3dapp\3dapp\CCamera.h(10): fatal error C1083: Cannot open include file: 'DirectXMath.h': No such file or directory
         CColourShader.cpp
     1>c:\users\matthew\desktop\active projects\3dapp\3dapp\CColourShader.h(11): fatal error C1083: Cannot open include file: 'DirectXMath.h': No such file or directory
         CD3DBase.cpp
     1>c:\users\matthew\desktop\active projects\3dapp\3dapp\CD3DBase.h(23): fatal error C1083: Cannot open include file: 'DirectXMath.h': No such file or directory
         C3DApp.cpp
     1>c:\users\matthew\desktop\active projects\3dapp\3dapp\CD3DBase.h(23): fatal error C1083: Cannot open include file: 'DirectXMath.h': No such file or directory
         CD3DEffect.cpp
     1>c:\users\matthew\desktop\active projects\3dapp\3dapp\CD3DEffect.h(10): fatal error C1083: Cannot open include file: 'd3dcompiler.h': No such file or directory
         CD3DModel.cpp
     1>c:\users\matthew\desktop\active projects\3dapp\3dapp\GfxDefs.h(9): fatal error C1083: Cannot open include file: 'DirectXMath.h': No such file or directory
         CD3DModelManager.cpp
     1>c:\users\matthew\desktop\active projects\3dapp\3dapp\GfxDefs.h(9): fatal error C1083: Cannot open include file: 'DirectXMath.h': No such file or directory
         CD3DShader.cpp
     1>c:\users\matthew\desktop\active projects\3dapp\3dapp\CD3DShader.h(10): fatal error C1083: Cannot open include file: 'd3dcompiler.h': No such file or directory
         CD3DShaderManager.cpp
     1>c:\users\matthew\desktop\active projects\3dapp\3dapp\CD3DBase.h(23): fatal error C1083: Cannot open include file: 'DirectXMath.h': No such file or directory
         CFPCamera.cpp
     1>c:\users\matthew\desktop\active projects\3dapp\3dapp\CCamera.h(10): fatal error C1083: Cannot open include file: 'DirectXMath.h': No such file or directory
         CGeometryGenerator.cpp
     1>c:\users\matthew\desktop\active projects\3dapp\3dapp\GfxDefs.h(9): fatal error C1083: Cannot open include file: 'DirectXMath.h': No such file or directory
         CGraphics.cpp
     1>c:\users\matthew\desktop\active projects\3dapp\3dapp\CD3DBase.h(23): fatal error C1083: Cannot open include file: 'DirectXMath.h': No such file or directory
         CLogic.cpp
         CModelBase.cpp
     1>c:\users\matthew\desktop\active projects\3dapp\3dapp\GfxDefs.h(9): fatal error C1083: Cannot open include file: 'DirectXMath.h': No such file or directory
         CModelCube.cpp
     1>c:\users\matthew\desktop\active projects\3dapp\3dapp\GfxDefs.h(9): fatal error C1083: Cannot open include file: 'DirectXMath.h': No such file or directory
         CModelTriangle.cpp
     1>c:\users\matthew\desktop\active projects\3dapp\3dapp\GfxDefs.h(9): fatal error C1083: Cannot open include file: 'DirectXMath.h': No such file or directory
         CTexture.cpp
         CTimer.cpp
     1>CTimer.cpp(31): warning C4244: 'return' : conversion from 'const double' to 'float', possible loss of data
         main.cpp
     1>c:\users\matthew\desktop\active projects\3dapp\3dapp\CD3DBase.h(23): fatal error C1083: Cannot open include file: 'DirectXMath.h': No such file or directory
         WICTextureLoader.cpp
     1>Done Building Project "C:\Users\Matthew\Desktop\Active Projects\3dApp\3dApp\3dApp.vcxproj" (build target(s)) -- FAILED.

Build FAILED.

Time Elapsed 00:00:07.23
