Build started 13/06/2013 11:56:44.
     1>Project "C:\Users\Mathew\Desktop\Developers Toolkit\proj-aquis\3dApp\3dApp.vcxproj" on node 2 (build target(s)).
     1>InitializeBuildStatus:
         Creating "Debug\3dApp.unsuccessfulbuild" because "AlwaysCreate" was specified.
       ClCompile:
         C:\Program Files (x86)\Microsoft Visual Studio 10.0\VC\bin\CL.exe /c /I"C:\Program Files (x86)\Windows Kits\8.0\Include\um" /I"C:\Program Files (x86)\Windows Kits\8.0\Include\winrt" /I"C:\Program Files (x86)\Windows Kits\8.0\Include\shared" /ZI /nologo /W3 /WX- /Od /Oy- /D WIN32 /D _DEBUG /D _CONSOLE /D _UNICODE /D UNICODE /Gm /EHsc /RTC1 /MDd /GS /fp:precise /Zc:wchar_t /Zc:forScope /Fo"Debug\\" /Fd"Debug\vc100.pdb" /Gd /TP /analyze- /errorReport:prompt CGraphics.cpp
         CGraphics.cpp
       ManifestResourceCompile:
         All outputs are up-to-date.
       Link:
         C:\Program Files (x86)\Microsoft Visual Studio 10.0\VC\bin\link.exe /ERRORREPORT:PROMPT /OUT:"C:\Users\Mathew\Desktop\Developers Toolkit\proj-aquis\Debug\3dApp.exe" /INCREMENTAL /NOLOGO /LIBPATH:"C:\Program Files (x86)\Windows Kits\8.0\Lib\win8\um\x86" /LIBPATH:.\lib\win\x86 /LIBPATH:.\lib d3d11.lib d2d1.lib d3dcsx.lib dinput8.lib dxguid.lib dwrite.lib D3dcompiler.lib windowscodecs.lib winmm.lib kernel32.lib user32.lib gdi32.lib winspool.lib comdlg32.lib advapi32.lib shell32.lib ole32.lib oleaut32.lib uuid.lib odbc32.lib odbccp32.lib /MANIFEST /ManifestFile:"Debug\3dApp.exe.intermediate.manifest" /MANIFESTUAC:"level='asInvoker' uiAccess='false'" /DEBUG /PDB:"C:\Users\Mathew\Desktop\Developers Toolkit\proj-aquis\Debug\3dApp.pdb" /SUBSYSTEM:CONSOLE /TLBID:1 /DYNAMICBASE /NXCOMPAT /IMPLIB:"C:\Users\Mathew\Desktop\Developers Toolkit\proj-aquis\Debug\3dApp.lib" /MACHINE:X86 Debug\3dApp.exe.embed.manifest.res
         Debug\CBufferManager.obj
         Debug\CCamera.obj
         Debug\CColourShader.obj
         Debug\CD3DBase.obj
         Debug\C3DApp.obj
         Debug\CD3DEffect.obj
         Debug\CD3DModel.obj
         Debug\CD3DModelManager.obj
         Debug\CD3DShader.obj
         Debug\CD3DShaderManager.obj
         Debug\CFPCamera.obj
         Debug\CMeshDataManager.obj
         Debug\CGraphics.obj
         Debug\CLogic.obj
         Debug\CModelBase.obj
         Debug\CModelCube.obj
         Debug\CModelTriangle.obj
         Debug\CResourceManager.obj
         Debug\CShaderTexture.obj
         Debug\CShaderTextureManager.obj
         Debug\CTexture.obj
         Debug\CTimer.obj
         Debug\main.obj
         Debug\WICTextureLoader.obj
       Manifest:
         C:\Program Files (x86)\Microsoft SDKs\Windows\v7.0A\bin\mt.exe /nologo /verbose /out:"Debug\3dApp.exe.embed.manifest" /manifest Debug\3dApp.exe.intermediate.manifest
         All outputs are up-to-date.
       LinkEmbedManifest:
         All outputs are up-to-date.
         3dApp.vcxproj -> C:\Users\Mathew\Desktop\Developers Toolkit\proj-aquis\Debug\3dApp.exe
       FinalizeBuildStatus:
         Deleting file "Debug\3dApp.unsuccessfulbuild".
         Touching "Debug\3dApp.lastbuildstate".
     1>Done Building Project "C:\Users\Mathew\Desktop\Developers Toolkit\proj-aquis\3dApp\3dApp.vcxproj" (build target(s)).

Build succeeded.

Time Elapsed 00:00:02.99
