C:\USERS\MATHEW\DESKTOP\DEVELOPERS TOOLKIT\ PROJ-AQUIS\3DAPP\DEBUG\3DAPP.EXE.EMBED.MANIFEST
C:\USERS\MATHEW\DESKTOP\DEVELOPERS TOOLKIT\ PROJ-AQUIS\3DAPP\DEBUG\3DAPP.EXE.EMBED.MANIFEST.RES
C:\USERS\MATHEW\DESKTOP\DEVELOPERS TOOLKIT\ PROJ-AQUIS\3DAPP\DEBUG\3DAPP.EXE.INTERMEDIATE.MANIFEST
C:\Users\Mathew\Desktop\Developers Toolkit\ proj-aquis\3dApp\Debug\3dApp_manifest.rc
C:\USERS\MATHEW\DESKTOP\DEVELOPERS TOOLKIT\ PROJ-AQUIS\3DAPP\DEBUG\C3DAPP.OBJ
C:\USERS\MATHEW\DESKTOP\DEVELOPERS TOOLKIT\ PROJ-AQUIS\3DAPP\DEBUG\CCAMERA.OBJ
C:\USERS\MATHEW\DESKTOP\DEVELOPERS TOOLKIT\ PROJ-AQUIS\3DAPP\DEBUG\CCOLOURSHADER.OBJ
C:\USERS\MATHEW\DESKTOP\DEVELOPERS TOOLKIT\ PROJ-AQUIS\3DAPP\DEBUG\CD3DBASE.OBJ
C:\USERS\MATHEW\DESKTOP\DEVELOPERS TOOLKIT\ PROJ-AQUIS\3DAPP\DEBUG\CD3DEFFECT.OBJ
C:\USERS\MATHEW\DESKTOP\DEVELOPERS TOOLKIT\ PROJ-AQUIS\3DAPP\DEBUG\CD3DMODEL.OBJ
C:\USERS\MATHEW\DESKTOP\DEVELOPERS TOOLKIT\ PROJ-AQUIS\3DAPP\DEBUG\CD3DMODELMANAGER.OBJ
C:\USERS\MATHEW\DESKTOP\DEVELOPERS TOOLKIT\ PROJ-AQUIS\3DAPP\DEBUG\CD3DSHADER.OBJ
C:\USERS\MATHEW\DESKTOP\DEVELOPERS TOOLKIT\ PROJ-AQUIS\3DAPP\DEBUG\CD3DSHADERMANAGER.OBJ
C:\USERS\MATHEW\DESKTOP\DEVELOPERS TOOLKIT\ PROJ-AQUIS\3DAPP\DEBUG\CFPCAMERA.OBJ
C:\USERS\MATHEW\DESKTOP\DEVELOPERS TOOLKIT\ PROJ-AQUIS\3DAPP\DEBUG\CGEOMETRYGENERATOR.OBJ
C:\USERS\MATHEW\DESKTOP\DEVELOPERS TOOLKIT\ PROJ-AQUIS\3DAPP\DEBUG\CGRAPHICS.OBJ
C:\Users\Mathew\Desktop\Developers Toolkit\ proj-aquis\3dApp\Debug\cl.command.1.tlog
C:\Users\Mathew\Desktop\Developers Toolkit\ proj-aquis\3dApp\Debug\CL.read.1.tlog
C:\Users\Mathew\Desktop\Developers Toolkit\ proj-aquis\3dApp\Debug\CL.write.1.tlog
C:\USERS\MATHEW\DESKTOP\DEVELOPERS TOOLKIT\ PROJ-AQUIS\3DAPP\DEBUG\CLOGIC.OBJ
C:\USERS\MATHEW\DESKTOP\DEVELOPERS TOOLKIT\ PROJ-AQUIS\3DAPP\DEBUG\CMODELBASE.OBJ
C:\USERS\MATHEW\DESKTOP\DEVELOPERS TOOLKIT\ PROJ-AQUIS\3DAPP\DEBUG\CMODELCUBE.OBJ
C:\USERS\MATHEW\DESKTOP\DEVELOPERS TOOLKIT\ PROJ-AQUIS\3DAPP\DEBUG\CMODELTRIANGLE.OBJ
C:\USERS\MATHEW\DESKTOP\DEVELOPERS TOOLKIT\ PROJ-AQUIS\3DAPP\DEBUG\CTEXTURE.OBJ
C:\USERS\MATHEW\DESKTOP\DEVELOPERS TOOLKIT\ PROJ-AQUIS\3DAPP\DEBUG\CTIMER.OBJ
C:\Users\Mathew\Desktop\Developers Toolkit\ proj-aquis\3dApp\Debug\link.6372.read.1.tlog
C:\Users\Mathew\Desktop\Developers Toolkit\ proj-aquis\3dApp\Debug\link.6372.write.1.tlog
C:\Users\Mathew\Desktop\Developers Toolkit\ proj-aquis\3dApp\Debug\link.6372-cvtres.read.1.tlog
C:\Users\Mathew\Desktop\Developers Toolkit\ proj-aquis\3dApp\Debug\link.6372-cvtres.write.1.tlog
C:\Users\Mathew\Desktop\Developers Toolkit\ proj-aquis\3dApp\Debug\link.command.1.tlog
C:\Users\Mathew\Desktop\Developers Toolkit\ proj-aquis\3dApp\Debug\link.read.1.tlog
C:\Users\Mathew\Desktop\Developers Toolkit\ proj-aquis\3dApp\Debug\link.write.1.tlog
C:\Users\Mathew\Desktop\Developers Toolkit\ proj-aquis\3dApp\Debug\link-cvtres.read.1.tlog
C:\Users\Mathew\Desktop\Developers Toolkit\ proj-aquis\3dApp\Debug\link-cvtres.write.1.tlog
C:\USERS\MATHEW\DESKTOP\DEVELOPERS TOOLKIT\ PROJ-AQUIS\3DAPP\DEBUG\MAIN.OBJ
C:\Users\Mathew\Desktop\Developers Toolkit\ proj-aquis\3dApp\Debug\mt.command.1.tlog
C:\Users\Mathew\Desktop\Developers Toolkit\ proj-aquis\3dApp\Debug\mt.read.1.tlog
C:\Users\Mathew\Desktop\Developers Toolkit\ proj-aquis\3dApp\Debug\mt.write.1.tlog
C:\Users\Mathew\Desktop\Developers Toolkit\ proj-aquis\3dApp\Debug\rc.command.1.tlog
C:\Users\Mathew\Desktop\Developers Toolkit\ proj-aquis\3dApp\Debug\rc.read.1.tlog
C:\Users\Mathew\Desktop\Developers Toolkit\ proj-aquis\3dApp\Debug\rc.write.1.tlog
C:\Users\Mathew\Desktop\Developers Toolkit\ proj-aquis\3dApp\Debug\vc100.idb
C:\USERS\MATHEW\DESKTOP\DEVELOPERS TOOLKIT\ PROJ-AQUIS\3DAPP\DEBUG\VC100.PDB
C:\USERS\MATHEW\DESKTOP\DEVELOPERS TOOLKIT\ PROJ-AQUIS\3DAPP\DEBUG\WICTEXTURELOADER.OBJ
C:\USERS\MATHEW\DESKTOP\DEVELOPERS TOOLKIT\ PROJ-AQUIS\DEBUG\3DAPP.EXE
C:\USERS\MATHEW\DESKTOP\DEVELOPERS TOOLKIT\ PROJ-AQUIS\DEBUG\3DAPP.ILK
C:\USERS\MATHEW\DESKTOP\DEVELOPERS TOOLKIT\ PROJ-AQUIS\DEBUG\3DAPP.PDB
